['COM5']
Sending p1
188
Wrote: ff ff fe 2c 83 2a 04 0a 39 57 e8 03 0b a3 6c e8 03 0c 78 4c e8 03 0d 31 74 e8 03 0e 43 6d e8 03 0f 4a 5a e8 03 10 6b 60 e8 03 11 93 63 e8 03 43
Sending list of moves
188
Wrote: ff ff fe 2c 83 2a 04 0a 39 57 e8 03 0b a3 6c e8 03 0c 78 4c e8 03 0d 31 74 e8 03 0e 43 6d e8 03 0f 4a 5a e8 03 10 6b 60 e8 03 11 93 63 e8 03 43
Sending: p1
205
Wrote: ff ff fe 2c 83 2a 04 0a 56 50 e8 03 0b 26 72 e8 03 0c 8f 40 e8 03 0d 69 7e e8 03 0e 48 76 e8 03 0f b0 54 e8 03 10 66 59 e8 03 11 4e 6b e8 03 32
Sending: ch11
179
Wrote: ff ff fe 2c 83 2a 04 0a 28 54 e8 03 0b ad 84 e8 03 0c 62 3c e8 03 0d ad 8e e8 03 0e d6 77 e8 03 0f a5 56 e8 03 10 9f 57 e8 03 11 e8 68 e8 03 4c
Sending: ch2
28
Wrote: ff ff fe 2c 83 2a 04 0a 28 54 e8 03 0b 2b 77 e8 03 0c ce 3b e8 03 0d 15 71 e8 03 0e ed 77 e8 03 0f e2 6d e8 03 10 cd 57 e8 03 11 99 60 e8 03 e3
Sending: ch3
17
Wrote: ff ff fe 2c 83 2a 04 0a 17 57 e8 03 0b 2b 7b e8 03 0c a7 34 e8 03 0d 53 76 e8 03 0e 75 82 e8 03 0f b4 6d e8 03 10 bb 5c e8 03 11 27 64 e8 03 ee
Sending: ch42
254
Wrote: ff ff fe 2c 83 2a 04 0a a4 62 e8 03 0b f2 78 e8 03 0c 1d 46 e8 03 0d 2b 83 e8 03 0e 30 80 e8 03 0f 2d 57 e8 03 10 93 5f e8 03 11 54 64 e8 03 01
Sending: ch51
59
Wrote: ff ff fe 2c 83 2a 04 0a f9 63 e8 03 0b d1 72 e8 03 0c 56 4a e8 03 0d e1 83 e8 03 0e 03 7e e8 03 0f 8f 4e e8 03 10 bc 56 e8 03 11 1b 6e e8 03 c4
Sending: ch62
77
Wrote: ff ff fe 2c 83 2a 04 0a 2e 4d e8 03 0b 32 6c e8 03 0c a1 35 e8 03 0d b3 83 e8 03 0e 2c 67 e8 03 0f 7e 4d e8 03 10 16 65 e8 03 11 43 6d e8 03 b2
Sending: ch7
62
Wrote: ff ff fe 2c 83 2a 04 0a 11 50 e8 03 0b 10 6c e8 03 0c 6c 54 e8 03 0d 52 84 e8 03 0e 28 52 e8 03 0f d9 4d e8 03 10 71 65 e8 03 11 48 6e e8 03 c1
Sending: ch8
242
Wrote: ff ff fe 2c 83 2a 04 0a c1 59 e8 03 0b 65 69 e8 03 0c 89 53 e8 03 0d db 84 e8 03 0e 44 5f e8 03 0f 1d 4c e8 03 10 c6 62 e8 03 11 93 69 e8 03 0d
Sending: ch91
89
Wrote: ff ff fe 2c 83 2a 04 0a d8 57 e8 03 0b 60 5c e8 03 0c 9b 40 e8 03 0d ae 74 e8 03 0e 53 74 e8 03 0f 94 4d e8 03 10 0b 5d e8 03 11 60 62 e8 03 a6
Sending: ch10
28
Wrote: ff ff fe 2c 83 2a 04 0a fa 59 e8 03 0b e9 5c e8 03 0c f0 41 e8 03 0d dc 70 e8 03 0e a8 7b e8 03 0f 4a 50 e8 03 10 77 54 e8 03 11 76 6a e8 03 e3
Sending: ch110
179
Wrote: ff ff fe 2c 83 2a 04 0a 28 54 e8 03 0b ad 84 e8 03 0c 62 3c e8 03 0d ad 8e e8 03 0e d6 77 e8 03 0f a5 56 e8 03 10 9f 57 e8 03 11 e8 68 e8 03 4c
Sending: ch2
28
Wrote: ff ff fe 2c 83 2a 04 0a 28 54 e8 03 0b 2b 77 e8 03 0c ce 3b e8 03 0d 15 71 e8 03 0e ed 77 e8 03 0f e2 6d e8 03 10 cd 57 e8 03 11 99 60 e8 03 e3
Sending: ch3
17
Wrote: ff ff fe 2c 83 2a 04 0a 17 57 e8 03 0b 2b 7b e8 03 0c a7 34 e8 03 0d 53 76 e8 03 0e 75 82 e8 03 0f b4 6d e8 03 10 bb 5c e8 03 11 27 64 e8 03 ee
Sending: ch42
PS C:\Users\Piotrek\Documents\GitHub\OCServo_App>